console.warn: SearchSettings: "get: No settings file exists, new profile?" (new Error("", "(unknown module)"))
1609266729115	Marionette	INFO	Listening on port 36203
1609266729196	Marionette	WARN	TLS certificate errors will be ignored for this session
console.error: (new TypeError("parent is null", "resource://devtools/client/inspector/shared/style-change-tracker.js", 67))
TypeError: parent is null: canMutationImpactCurrentStyles@resource://devtools/client/inspector/shared/style-change-tracker.js:67:24
onMutations@resource://devtools/client/inspector/shared/style-change-tracker.js:84:41
_emit@resource://devtools/shared/event-emitter.js:226:34
emit@resource://devtools/shared/event-emitter.js:172:18
emit@resource://devtools/shared/event-emitter.js:324:18
getMutations@resource://devtools/client/fronts/walker.js:405:10

console.error: (new TypeError("container.node.targetFront is null", "resource://devtools/client/inspector/markup/markup.js", 2252))
console.error: (new TypeError("container.node.targetFront is null", "resource://devtools/client/inspector/markup/markup.js", 2252))
console.error: (new TypeError("container.node.targetFront is null", "resource://devtools/client/inspector/markup/markup.js", 2252))
1609266815366	Marionette	INFO	Stopped listening on port 36203

###!!! [Parent][RunMessage] Error: Channel closing: too late to send/recv, messages will be lost

console.warn: SearchSettings: "get: No settings file exists, new profile?" (new Error("", "(unknown module)"))
1609266821047	Marionette	INFO	Listening on port 46269
1609266821073	Marionette	WARN	TLS certificate errors will be ignored for this session

###!!! [Parent][MessageChannel] Error: (msgtype=0x1F0011,name=PBackgroundStorage::Msg_Observe) Channel error: cannot send/recv

1609266889391	Marionette	INFO	Stopped listening on port 46269

###!!! [Parent][RunMessage] Error: Channel closing: too late to send/recv, messages will be lost

console.warn: SearchSettings: "get: No settings file exists, new profile?" (new Error("", "(unknown module)"))
1609267258266	Marionette	INFO	Listening on port 44997
1609267258340	Marionette	WARN	TLS certificate errors will be ignored for this session
console.warn: SearchSettings: "get: No settings file exists, new profile?" (new Error("", "(unknown module)"))
1609267417593	Marionette	INFO	Listening on port 40099
1609267417708	Marionette	WARN	TLS certificate errors will be ignored for this session

###!!! [Child][RunMessage] Error: Channel closing: too late to send/recv, messages will be lost

1609267444820	Marionette	INFO	Stopped listening on port 40099
console.warn: SearchSettings: "get: No settings file exists, new profile?" (new Error("", "(unknown module)"))
1609267506831	Marionette	INFO	Listening on port 39303
1609267506871	Marionette	WARN	TLS certificate errors will be ignored for this session
console.warn: SearchSettings: "get: No settings file exists, new profile?" (new Error("", "(unknown module)"))
1609267548286	Marionette	INFO	Listening on port 41127
1609267548315	Marionette	WARN	TLS certificate errors will be ignored for this session
console.warn: SearchSettings: "get: No settings file exists, new profile?" (new Error("", "(unknown module)"))
1609267565330	Marionette	INFO	Listening on port 38919
1609267565355	Marionette	WARN	TLS certificate errors will be ignored for this session
console.warn: SearchSettings: "get: No settings file exists, new profile?" (new Error("", "(unknown module)"))
1609267704056	Marionette	INFO	Listening on port 35343
1609267704090	Marionette	WARN	TLS certificate errors will be ignored for this session
1609267706395	Marionette	INFO	Stopped listening on port 35343

###!!! [Parent][RunMessage] Error: Channel closing: too late to send/recv, messages will be lost

1609267723408	Marionette	INFO	Stopped listening on port 39303

###!!! [Parent][RunMessage] Error: Channel closing: too late to send/recv, messages will be lost

1609267725770	Marionette	INFO	Stopped listening on port 41127

###!!! [Parent][RunMessage] Error: Channel closing: too late to send/recv, messages will be lost

1609267727149	Marionette	INFO	Stopped listening on port 38919

###!!! [Parent][RunMessage] Error: Channel closing: too late to send/recv, messages will be lost

1609267729397	Marionette	INFO	Stopped listening on port 44997

###!!! [Parent][RunMessage] Error: Channel closing: too late to send/recv, messages will be lost

